#
# A fatal error has been detected by the Java Runtime Environment:
#
#  SIGSEGV (0xb) at pc=0x7668b6f4, pid=2930, tid=1983022192
#
# JRE version: Java(TM) SE Runtime Environment (8.0_65-b17) (build 1.8.0_65-b17)
# Java VM: Java HotSpot(TM) Client VM (25.65-b01 mixed mode linux-arm )
# Problematic frame:
# V  [libjvm.so+0x2e36f4]
#
# Failed to write core dump. Core dumps have been disabled. To enable core dumping, try "ulimit -c unlimited" before starting Java again
#
# If you would like to submit a bug report, please visit:
#   http://bugreport.java.com/bugreport/crash.jsp
#

---------------  T H R E A D  ---------------

Current thread (0x76107400):  JavaThread "main" [_thread_in_vm, id=2931, stack(0x762d9000,0x76329000)]

siginfo: si_signo: 11 (SIGSEGV), si_code: 1 (SEGV_MAPERR), si_addr: 0x00000000

Registers:
  r0  = 0x00000005
  r1  = 0x00000006
  r2  = 0x00000000
  r3  = 0x00000678
  r4  = 0x76107400
  r5  = 0x76945fb8
  r6  = 0x00000000
  r7  = 0x00000000
  r8  = 0x00000000
  r9  = 0x6616b6d0
  r10 = 0x76107400
  fp  = 0x763279ac
  r12 = 0x00000037
  sp  = 0x76327968
  lr  = 0x7668b6d0
  pc  = 0x7668b6f4
  cpsr = 0x60000010

Top of Stack: (sp=0x76327968)
0x76327968:   00000110 76107400 00000000 6501c583
0x76327978:   768e0cc4 00000000 00000000 00000000
0x76327988:   00000000 00000000 00000000 65c42000
0x76327998:   65c3007c ffffffff 00000000 76327ac4
0x763279a8:   76327a24 65c30164 74127080 00000000
0x763279b8:   76327abc 00000000 76327ac4 7610753c
0x763279c8:   76327978 761a54d0 761a54b8 761a53c8
0x763279d8:   761a53b0 00000000 00000000 00000000 

Instructions: (pc=0x7668b6f4)
0x7668b6d4:   e3a03000 e1520003 e50b4040 e50b303c
0x7668b6e4:   0a000001 e24b0040 eb051471 e59f30ac
0x7668b6f4:   e5966000 e7953003 e5933000 e7963003
0x7668b704:   e3530000 0a000021 e1a00006 ebff0565 

Register to memory mapping:

  r0  = 0x00000005
0x00000005 is an unknown value

  r1  = 0x00000006
0x00000006 is an unknown value

  r2  = 0x00000000
0x00000000 is an unknown value

  r3  = 0x00000678
0x00000678 is an unknown value

  r4  = 0x76107400
0x76107400 is a thread

  r5  = 0x76945fb8
0x76945fb8: <offset 0x59dfb8> in /usr/lib/jvm/jdk-8-oracle-arm32-vfp-hflt/jre/lib/arm/client/libjvm.so at 0x763a8000

  r6  = 0x00000000
0x00000000 is an unknown value

  r7  = 0x00000000
0x00000000 is an unknown value

  r8  = 0x00000000
0x00000000 is an unknown value

  r9  = 0x6616b6d0
{method} {0x6616b6d0} 'getGMod' '(Ljava/lang/String;Ljava/lang/String;)Ljava/lang/String;' in 'IBSClient'

  r10 = 0x76107400
0x76107400 is a thread

  fp  = 0x763279ac
0x763279ac is pointing into the stack for thread: 0x76107400

  r12 = 0x00000037
0x00000037 is an unknown value

  sp  = 0x76327968
0x76327968 is pointing into the stack for thread: 0x76107400

  lr  = 0x7668b6d0
0x7668b6d0: <offset 0x2e36d0> in /usr/lib/jvm/jdk-8-oracle-arm32-vfp-hflt/jre/lib/arm/client/libjvm.so at 0x763a8000

  pc  = 0x7668b6f4
0x7668b6f4: <offset 0x2e36f4> in /usr/lib/jvm/jdk-8-oracle-arm32-vfp-hflt/jre/lib/arm/client/libjvm.so at 0x763a8000



Stack: [0x762d9000,0x76329000],  sp=0x76327968,  free space=314k
Native frames: (J=compiled Java code, j=interpreted, Vv=VM code, C=native code)
V  [libjvm.so+0x2e36f4]

Java frames: (J=compiled Java code, j=interpreted, Vv=VM code)
j  IBSClient.getGMod(Ljava/lang/String;Ljava/lang/String;)Ljava/lang/String;+0
j  IBSClient.main([Ljava/lang/String;)V+376
v  ~StubRoutines::call_stub

---------------  P R O C E S S  ---------------

Java Threads: ( => current thread )
  0x7619f400 JavaThread "Thread-0" [_thread_in_native, id=2939, stack(0x65267000,0x652b7000)]
  0x76183c00 JavaThread "Service Thread" daemon [_thread_blocked, id=2937, stack(0x65495000,0x654e5000)]
  0x76180800 JavaThread "C1 CompilerThread0" daemon [_thread_blocked, id=2936, stack(0x654e5000,0x65565000)]
  0x7617f000 JavaThread "Signal Dispatcher" daemon [_thread_blocked, id=2935, stack(0x65a10000,0x65a60000)]
  0x76162000 JavaThread "Finalizer" daemon [_thread_blocked, id=2934, stack(0x65a60000,0x65ab0000)]
  0x76160800 JavaThread "Reference Handler" daemon [_thread_blocked, id=2933, stack(0x65ab0000,0x65b00000)]
=>0x76107400 JavaThread "main" [_thread_in_vm, id=2931, stack(0x762d9000,0x76329000)]

Other Threads:
  0x7615d400 VMThread [stack: 0x65c43000,0x65cc3000] [id=2932]
  0x76185c00 WatcherThread [stack: 0x65415000,0x65495000] [id=2938]

VM state:not at safepoint (normal execution)

VM Mutex/Monitor currently owned by a thread: None

Heap:
 def new generation   total 4352K, used 587K [0x66400000, 0x668a0000, 0x6ad40000)
  eden space 3968K,  14% used [0x66400000, 0x66492fa0, 0x667e0000)
  from space 384K,   0% used [0x667e0000, 0x667e0000, 0x66840000)
  to   space 384K,   0% used [0x66840000, 0x66840000, 0x668a0000)
 tenured generation   total 9600K, used 0K [0x6ad40000, 0x6b6a0000, 0x74000000)
   the space 9600K,   0% used [0x6ad40000, 0x6ad40000, 0x6ad40200, 0x6b6a0000)
 Metaspace       used 1798K, capacity 2240K, committed 2328K, reserved 4400K

Card table byte_map: [0x66391000,0x66400000] byte_map_base: 0x6605f000

Polling page: 0x76f9c000

CodeCache: size=32768Kb used=620Kb max_used=620Kb free=32147Kb
 bounds [0x740e1000, 0x74181000, 0x760e1000]
 total_blobs=145 nmethods=9 adapters=69
 compilation: enabled

Compilation events (10 events):
Event: 0.483 Thread 0x76180800    5             sun.nio.cs.UTF_8$Encoder::encode (359 bytes)
Event: 0.488 Thread 0x76180800 nmethod 5 0x74177508 code [0x74177630, 0x74177aa0]
Event: 0.489 Thread 0x76180800    6             java.lang.Object::<init> (1 bytes)
Event: 0.489 Thread 0x76180800 nmethod 6 0x74177f08 code [0x74177fe0, 0x74178078]
Event: 0.489 Thread 0x76180800    7             java.lang.String::lastIndexOf (52 bytes)
Event: 0.491 Thread 0x76180800 nmethod 7 0x741780c8 code [0x741781c0, 0x741782f4]
Event: 0.524 Thread 0x76180800    8             java.io.UnixFileSystem::normalize (75 bytes)
Event: 0.526 Thread 0x76180800 nmethod 8 0x741783c8 code [0x741784e0, 0x7417869c]
Event: 20.838 Thread 0x76180800    9             sun.nio.cs.UTF_8$Decoder::decode (779 bytes)
Event: 20.865 Thread 0x76180800 nmethod 9 0x74178848 code [0x74178b90, 0x7417a038]

GC Heap History (0 events):
No events

Deoptimization events (0 events):
No events

Internal exceptions (2 events):
Event: 0.175 Thread 0x76107400 Exception <a 'java/lang/NoSuchMethodError': Method sun.misc.Unsafe.defineClass(Ljava/lang/String;[BII)Ljava/lang/Class; name or signature does not match> (0x664105b8) thrown at [/HUDSON/workspace/8-2-build-glinux-arm-vfp-hflt/jdk8u65/4987/hotspot/src/shar
Event: 0.176 Thread 0x76107400 Exception <a 'java/lang/NoSuchMethodError': Method sun.misc.Unsafe.prefetchRead(Ljava/lang/Object;J)V name or signature does not match> (0x66410888) thrown at [/HUDSON/workspace/8-2-build-glinux-arm-vfp-hflt/jdk8u65/4987/hotspot/src/share/vm/prims/jni.cpp

Events (10 events):
Event: 20.973 loading class java/net/Socket$2
Event: 20.974 loading class java/net/Socket$2 done
Event: 20.974 loading class java/net/SocketInputStream
Event: 20.975 loading class java/net/SocketInputStream done
Event: 20.976 loading class java/io/PrintWriter
Event: 20.976 loading class java/io/PrintWriter done
Event: 20.977 loading class java/net/Socket$3
Event: 20.977 loading class java/net/Socket$3 done
Event: 20.977 loading class java/net/SocketOutputStream
Event: 20.978 loading class java/net/SocketOutputStream done


Dynamic libraries:
00008000-00009000 r-xp 00000000 b3:02 151668     /usr/lib/jvm/jdk-8-oracle-arm32-vfp-hflt/jre/bin/java
00010000-00011000 rw-p 00000000 b3:02 151668     /usr/lib/jvm/jdk-8-oracle-arm32-vfp-hflt/jre/bin/java
00be4000-00c05000 rw-p 00000000 00:00 0          [heap]
633d9000-64fda000 rw-p 00000000 00:00 0 
64fda000-650d7000 r-xp 00000000 b3:02 2318       /usr/lib/arm-linux-gnueabihf/libcrypto.so.1.0.0
650d7000-650e7000 ---p 000fd000 b3:02 2318       /usr/lib/arm-linux-gnueabihf/libcrypto.so.1.0.0
650e7000-650f4000 r--p 000fd000 b3:02 2318       /usr/lib/arm-linux-gnueabihf/libcrypto.so.1.0.0
650f4000-650fc000 rw-p 0010a000 b3:02 2318       /usr/lib/arm-linux-gnueabihf/libcrypto.so.1.0.0
650fc000-65100000 rw-p 00000000 00:00 0 
65100000-65121000 rw-p 00000000 00:00 0 
65121000-65200000 ---p 00000000 00:00 0 
65267000-6526a000 ---p 00000000 00:00 0 
6526a000-652b7000 rw-p 00000000 00:00 0 
652b7000-652ea000 r-xp 00000000 b3:02 2319       /usr/lib/arm-linux-gnueabihf/libssl.so.1.0.0
652ea000-652fa000 ---p 00033000 b3:02 2319       /usr/lib/arm-linux-gnueabihf/libssl.so.1.0.0
652fa000-652fc000 r--p 00033000 b3:02 2319       /usr/lib/arm-linux-gnueabihf/libssl.so.1.0.0
652fc000-65300000 rw-p 00035000 b3:02 2319       /usr/lib/arm-linux-gnueabihf/libssl.so.1.0.0
65300000-653c5000 rw-p 00000000 00:00 0 
653c5000-65400000 ---p 00000000 00:00 0 
65415000-65416000 ---p 00000000 00:00 0 
65416000-65495000 rw-p 00000000 00:00 0 
65495000-65498000 ---p 00000000 00:00 0 
65498000-654e5000 rw-p 00000000 00:00 0 
654e5000-654e8000 ---p 00000000 00:00 0 
654e8000-65565000 rw-p 00000000 00:00 0 
65565000-65700000 r--p 00000000 b3:02 27048      /usr/lib/locale/locale-archive
65700000-65721000 rw-p 00000000 00:00 0 
65721000-65800000 ---p 00000000 00:00 0 
65800000-65821000 rw-p 00000000 00:00 0 
65821000-65900000 ---p 00000000 00:00 0 
65900000-65921000 rw-p 00000000 00:00 0 
65921000-65a00000 ---p 00000000 00:00 0 
65a10000-65a13000 ---p 00000000 00:00 0 
65a13000-65a60000 rw-p 00000000 00:00 0 
65a60000-65a63000 ---p 00000000 00:00 0 
65a63000-65ab0000 rw-p 00000000 00:00 0 
65ab0000-65ab3000 ---p 00000000 00:00 0 
65ab3000-65b00000 rw-p 00000000 00:00 0 
65b00000-65b21000 rw-p 00000000 00:00 0 
65b21000-65c00000 ---p 00000000 00:00 0 
65c0d000-65c20000 r-xp 00000000 b3:02 151742     /usr/lib/jvm/jdk-8-oracle-arm32-vfp-hflt/jre/lib/arm/libnet.so
65c20000-65c28000 ---p 00013000 b3:02 151742     /usr/lib/jvm/jdk-8-oracle-arm32-vfp-hflt/jre/lib/arm/libnet.so
65c28000-65c29000 rw-p 00013000 b3:02 151742     /usr/lib/jvm/jdk-8-oracle-arm32-vfp-hflt/jre/lib/arm/libnet.so
65c29000-65c32000 r-xp 00000000 b3:02 2939       /home/pi/Project/aesIBS/aesIBS2/libIBSModule2.so
65c32000-65c41000 ---p 00009000 b3:02 2939       /home/pi/Project/aesIBS/aesIBS2/libIBSModule2.so
65c41000-65c42000 r--p 00008000 b3:02 2939       /home/pi/Project/aesIBS/aesIBS2/libIBSModule2.so
65c42000-65c43000 rw-p 00009000 b3:02 2939       /home/pi/Project/aesIBS/aesIBS2/libIBSModule2.so
65c43000-65c44000 ---p 00000000 00:00 0 
65c44000-65d12000 rw-p 00000000 00:00 0 
65d12000-65eea000 r--s 03d20000 b3:02 151710     /usr/lib/jvm/jdk-8-oracle-arm32-vfp-hflt/jre/lib/rt.jar
65eea000-6618b000 rw-p 00000000 00:00 0 
6618b000-66391000 ---p 00000000 00:00 0 
66391000-66394000 rw-p 00000000 00:00 0 
66394000-663b5000 ---p 00000000 00:00 0 
663b5000-663bb000 rw-p 00000000 00:00 0 
663bb000-663ff000 ---p 00000000 00:00 0 
663ff000-668a0000 rw-p 00000000 00:00 0 
668a0000-6ad40000 ---p 00000000 00:00 0 
6ad40000-6b6a0000 rw-p 00000000 00:00 0 
6b6a0000-74000000 ---p 00000000 00:00 0 
74017000-7401c000 rw-p 00000000 00:00 0 
7401c000-74061000 ---p 00000000 00:00 0 
74061000-74064000 rw-p 00000000 00:00 0 
74064000-740e1000 ---p 00000000 00:00 0 
740e1000-74181000 rwxp 00000000 00:00 0 
74181000-760e1000 ---p 00000000 00:00 0 
760e1000-760f8000 r-xp 00000000 b3:02 151753     /usr/lib/jvm/jdk-8-oracle-arm32-vfp-hflt/jre/lib/arm/libzip.so
760f8000-760ff000 ---p 00017000 b3:02 151753     /usr/lib/jvm/jdk-8-oracle-arm32-vfp-hflt/jre/lib/arm/libzip.so
760ff000-76100000 rw-p 00016000 b3:02 151753     /usr/lib/jvm/jdk-8-oracle-arm32-vfp-hflt/jre/lib/arm/libzip.so
76100000-761ab000 rw-p 00000000 00:00 0 
761ab000-76200000 ---p 00000000 00:00 0 
7620c000-76215000 r-xp 00000000 b3:02 484        /lib/arm-linux-gnueabihf/libnss_files-2.24.so
76215000-76224000 ---p 00009000 b3:02 484        /lib/arm-linux-gnueabihf/libnss_files-2.24.so
76224000-76225000 r--p 00008000 b3:02 484        /lib/arm-linux-gnueabihf/libnss_files-2.24.so
76225000-76226000 rw-p 00009000 b3:02 484        /lib/arm-linux-gnueabihf/libnss_files-2.24.so
76226000-7622c000 rw-p 00000000 00:00 0 
7622c000-76235000 r-xp 00000000 b3:02 492        /lib/arm-linux-gnueabihf/libnss_nis-2.24.so
76235000-76244000 ---p 00009000 b3:02 492        /lib/arm-linux-gnueabihf/libnss_nis-2.24.so
76244000-76245000 r--p 00008000 b3:02 492        /lib/arm-linux-gnueabihf/libnss_nis-2.24.so
76245000-76246000 rw-p 00009000 b3:02 492        /lib/arm-linux-gnueabihf/libnss_nis-2.24.so
76246000-76257000 r-xp 00000000 b3:02 481        /lib/arm-linux-gnueabihf/libnsl-2.24.so
76257000-76266000 ---p 00011000 b3:02 481        /lib/arm-linux-gnueabihf/libnsl-2.24.so
76266000-76267000 r--p 00010000 b3:02 481        /lib/arm-linux-gnueabihf/libnsl-2.24.so
76267000-76268000 rw-p 00011000 b3:02 481        /lib/arm-linux-gnueabihf/libnsl-2.24.so
76268000-7626a000 rw-p 00000000 00:00 0 
7626a000-76270000 r-xp 00000000 b3:02 482        /lib/arm-linux-gnueabihf/libnss_compat-2.24.so
76270000-7627f000 ---p 00006000 b3:02 482        /lib/arm-linux-gnueabihf/libnss_compat-2.24.so
7627f000-76280000 r--p 00005000 b3:02 482        /lib/arm-linux-gnueabihf/libnss_compat-2.24.so
76280000-76281000 rw-p 00006000 b3:02 482        /lib/arm-linux-gnueabihf/libnss_compat-2.24.so
76296000-762b9000 r-xp 00000000 b3:02 151728     /usr/lib/jvm/jdk-8-oracle-arm32-vfp-hflt/jre/lib/arm/libjava.so
762b9000-762c1000 ---p 00023000 b3:02 151728     /usr/lib/jvm/jdk-8-oracle-arm32-vfp-hflt/jre/lib/arm/libjava.so
762c1000-762c2000 rw-p 00023000 b3:02 151728     /usr/lib/jvm/jdk-8-oracle-arm32-vfp-hflt/jre/lib/arm/libjava.so
762c2000-762c8000 r-xp 00000000 b3:02 511        /lib/arm-linux-gnueabihf/librt-2.24.so
762c8000-762d7000 ---p 00006000 b3:02 511        /lib/arm-linux-gnueabihf/librt-2.24.so
762d7000-762d8000 r--p 00005000 b3:02 511        /lib/arm-linux-gnueabihf/librt-2.24.so
762d8000-762d9000 rw-p 00006000 b3:02 511        /lib/arm-linux-gnueabihf/librt-2.24.so
762d9000-762dc000 ---p 00000000 00:00 0 
762dc000-76329000 rw-p 00000000 00:00 0 
76329000-76396000 r-xp 00000000 b3:02 472        /lib/arm-linux-gnueabihf/libm-2.24.so
76396000-763a6000 ---p 0006d000 b3:02 472        /lib/arm-linux-gnueabihf/libm-2.24.so
763a6000-763a7000 r--p 0006d000 b3:02 472        /lib/arm-linux-gnueabihf/libm-2.24.so
763a7000-763a8000 rw-p 0006e000 b3:02 472        /lib/arm-linux-gnueabihf/libm-2.24.so
763a8000-7692b000 r-xp 00000000 b3:02 151755     /usr/lib/jvm/jdk-8-oracle-arm32-vfp-hflt/jre/lib/arm/client/libjvm.so
7692b000-76933000 ---p 00583000 b3:02 151755     /usr/lib/jvm/jdk-8-oracle-arm32-vfp-hflt/jre/lib/arm/client/libjvm.so
76933000-7695f000 rw-p 00583000 b3:02 151755     /usr/lib/jvm/jdk-8-oracle-arm32-vfp-hflt/jre/lib/arm/client/libjvm.so
7695f000-76d82000 rw-p 00000000 00:00 0 
76d82000-76d9e000 r-xp 00000000 b3:02 459        /lib/arm-linux-gnueabihf/libgcc_s.so.1
76d9e000-76dad000 ---p 0001c000 b3:02 459        /lib/arm-linux-gnueabihf/libgcc_s.so.1
76dad000-76dae000 r--p 0001b000 b3:02 459        /lib/arm-linux-gnueabihf/libgcc_s.so.1
76dae000-76daf000 rw-p 0001c000 b3:02 459        /lib/arm-linux-gnueabihf/libgcc_s.so.1
76daf000-76ed8000 r-xp 00000000 b3:02 443        /lib/arm-linux-gnueabihf/libc-2.24.so
76ed8000-76ee8000 ---p 00129000 b3:02 443        /lib/arm-linux-gnueabihf/libc-2.24.so
76ee8000-76eea000 r--p 00129000 b3:02 443        /lib/arm-linux-gnueabihf/libc-2.24.so
76eea000-76eeb000 rw-p 0012b000 b3:02 443        /lib/arm-linux-gnueabihf/libc-2.24.so
76eeb000-76eee000 rw-p 00000000 00:00 0 
76eee000-76ef0000 r-xp 00000000 b3:02 452        /lib/arm-linux-gnueabihf/libdl-2.24.so
76ef0000-76eff000 ---p 00002000 b3:02 452        /lib/arm-linux-gnueabihf/libdl-2.24.so
76eff000-76f00000 r--p 00001000 b3:02 452        /lib/arm-linux-gnueabihf/libdl-2.24.so
76f00000-76f01000 rw-p 00002000 b3:02 452        /lib/arm-linux-gnueabihf/libdl-2.24.so
76f01000-76f15000 r-xp 00000000 b3:02 151756     /usr/lib/jvm/jdk-8-oracle-arm32-vfp-hflt/jre/lib/arm/jli/libjli.so
76f15000-76f1d000 ---p 00014000 b3:02 151756     /usr/lib/jvm/jdk-8-oracle-arm32-vfp-hflt/jre/lib/arm/jli/libjli.so
76f1d000-76f1e000 rw-p 00014000 b3:02 151756     /usr/lib/jvm/jdk-8-oracle-arm32-vfp-hflt/jre/lib/arm/jli/libjli.so
76f1e000-76f34000 r-xp 00000000 b3:02 507        /lib/arm-linux-gnueabihf/libpthread-2.24.so
76f34000-76f43000 ---p 00016000 b3:02 507        /lib/arm-linux-gnueabihf/libpthread-2.24.so
76f43000-76f44000 r--p 00015000 b3:02 507        /lib/arm-linux-gnueabihf/libpthread-2.24.so
76f44000-76f45000 rw-p 00016000 b3:02 507        /lib/arm-linux-gnueabihf/libpthread-2.24.so
76f45000-76f47000 rw-p 00000000 00:00 0 
76f4a000-76f53000 r-xp 00000000 b3:02 151752     /usr/lib/jvm/jdk-8-oracle-arm32-vfp-hflt/jre/lib/arm/libverify.so
76f53000-76f5b000 ---p 00009000 b3:02 151752     /usr/lib/jvm/jdk-8-oracle-arm32-vfp-hflt/jre/lib/arm/libverify.so
76f5b000-76f5c000 rw-p 00009000 b3:02 151752     /usr/lib/jvm/jdk-8-oracle-arm32-vfp-hflt/jre/lib/arm/libverify.so
76f5c000-76f61000 r-xp 00000000 b3:02 15649      /usr/lib/arm-linux-gnueabihf/libarmmem.so
76f61000-76f70000 ---p 00005000 b3:02 15649      /usr/lib/arm-linux-gnueabihf/libarmmem.so
76f70000-76f71000 r--p 00004000 b3:02 15649      /usr/lib/arm-linux-gnueabihf/libarmmem.so
76f71000-76f72000 rw-p 00005000 b3:02 15649      /usr/lib/arm-linux-gnueabihf/libarmmem.so
76f72000-76f93000 r-xp 00000000 b3:02 395        /lib/arm-linux-gnueabihf/ld-2.24.so
76f93000-76f94000 r--p 0019a000 b3:02 27048      /usr/lib/locale/locale-archive
76f94000-76f9c000 rw-s 00000000 b3:02 2971       /tmp/hsperfdata_pi/2930
76f9c000-76f9d000 r--p 00000000 00:00 0 
76f9d000-76fa2000 rw-p 00000000 00:00 0 
76fa2000-76fa3000 r--p 00020000 b3:02 395        /lib/arm-linux-gnueabihf/ld-2.24.so
76fa3000-76fa4000 rw-p 00021000 b3:02 395        /lib/arm-linux-gnueabihf/ld-2.24.so
7eabc000-7eadd000 rw-p 00000000 00:00 0          [stack]
7eeb5000-7eeb6000 r-xp 00000000 00:00 0          [sigpage]
7eeb6000-7eeb7000 r--p 00000000 00:00 0          [vvar]
7eeb7000-7eeb8000 r-xp 00000000 00:00 0          [vdso]
ffff0000-ffff1000 r-xp 00000000 00:00 0          [vectors]

VM Arguments:
java_command: IBSClient
java_class_path (initial): .
Launcher Type: SUN_STANDARD

Environment Variables:
PATH=/usr/local/sbin:/usr/local/bin:/usr/sbin:/usr/bin:/sbin:/bin:/usr/local/games:/usr/games
LD_LIBRARY_PATH=:/home/pi/Project/aesIBS/aesIBS2
SHELL=/bin/bash
DISPLAY=:0.0

Signal Handlers:
SIGSEGV: [libjvm.so+0x506638], sa_mask[0]=11111111011111111101111111111110, sa_flags=SA_RESTART|SA_SIGINFO
SIGBUS: [libjvm.so+0x506638], sa_mask[0]=11111111011111111101111111111110, sa_flags=SA_RESTART|SA_SIGINFO
SIGFPE: [libjvm.so+0x3fd4ec], sa_mask[0]=11111111011111111101111111111110, sa_flags=SA_RESTART|SA_SIGINFO
SIGPIPE: [libjvm.so+0x3fd4ec], sa_mask[0]=11111111011111111101111111111110, sa_flags=SA_RESTART|SA_SIGINFO
SIGXFSZ: [libjvm.so+0x3fd4ec], sa_mask[0]=11111111011111111101111111111110, sa_flags=SA_RESTART|SA_SIGINFO
SIGILL: [libjvm.so+0x3fd4ec], sa_mask[0]=11111111011111111101111111111110, sa_flags=SA_RESTART|SA_SIGINFO
SIGUSR1: SIG_DFL, sa_mask[0]=00000000000000000000000000000000, sa_flags=none
SIGUSR2: [libjvm.so+0x3fd650], sa_mask[0]=00000000000000000000000000000000, sa_flags=SA_RESTART|SA_SIGINFO
SIGHUP: [libjvm.so+0x3fda84], sa_mask[0]=11111111011111111101111111111110, sa_flags=SA_RESTART|SA_SIGINFO
SIGINT: [libjvm.so+0x3fda84], sa_mask[0]=11111111011111111101111111111110, sa_flags=SA_RESTART|SA_SIGINFO
SIGTERM: [libjvm.so+0x3fda84], sa_mask[0]=11111111011111111101111111111110, sa_flags=SA_RESTART|SA_SIGINFO
SIGQUIT: [libjvm.so+0x3fda84], sa_mask[0]=11111111011111111101111111111110, sa_flags=SA_RESTART|SA_SIGINFO


---------------  S Y S T E M  ---------------

OS:PRETTY_NAME="Raspbian GNU/Linux 9 (stretch)"
NAME="Raspbian GNU/Linux"
VERSION_ID="9"
VERSION="9 (stretch)"
ID=raspbian
ID_LIKE=debian
HOME_URL="http://www.raspbian.org/"
SUPPORT_URL="http://www.raspbian.org/RaspbianForums"
BUG_REPORT_URL="http://www.raspbian.org/RaspbianBugs"

uname:Linux 4.14.52-v7+ #1123 SMP Wed Jun 27 17:35:49 BST 2018 armv7l
libc:glibc 2.24 NPTL 2.24 
rlimit: STACK 8192k, CORE 0k, NPROC 6933, NOFILE 1048576, AS infinity
load average:0.92 0.94 0.91

/proc/meminfo:
MemTotal:         896672 kB
MemFree:           44732 kB
MemAvailable:     323984 kB
Buffers:           42816 kB
Cached:           296664 kB
SwapCached:         2892 kB
Active:           591980 kB
Inactive:         219460 kB
Active(anon):     402032 kB
Inactive(anon):    91296 kB
Active(file):     189948 kB
Inactive(file):   128164 kB
Unevictable:           0 kB
Mlocked:               0 kB
SwapTotal:        102396 kB
SwapFree:          97276 kB
Dirty:               100 kB
Writeback:             0 kB
AnonPages:        469032 kB
Mapped:           131672 kB
Shmem:             21364 kB
Slab:              23920 kB
SReclaimable:      12392 kB
SUnreclaim:        11528 kB
KernelStack:        1984 kB
PageTables:         4116 kB
NFS_Unstable:          0 kB
Bounce:                0 kB
WritebackTmp:          0 kB
CommitLimit:      550732 kB
Committed_AS:    1667480 kB
VmallocTotal:    1163264 kB
VmallocUsed:           0 kB
VmallocChunk:          0 kB
CmaTotal:           8192 kB
CmaFree:            6752 kB


CPU:total 4 (ARMv7), vfp

/proc/cpuinfo:
processor	: 0
model name	: ARMv7 Processor rev 4 (v7l)
BogoMIPS	: 76.80
Features	: half thumb fastmult vfp edsp neon vfpv3 tls vfpv4 idiva idivt vfpd32 lpae evtstrm crc32 
CPU implementer	: 0x41
CPU architecture: 7
CPU variant	: 0x0
CPU part	: 0xd03
CPU revision	: 4

processor	: 1
model name	: ARMv7 Processor rev 4 (v7l)
BogoMIPS	: 76.80
Features	: half thumb fastmult vfp edsp neon vfpv3 tls vfpv4 idiva idivt vfpd32 lpae evtstrm crc32 
CPU implementer	: 0x41
CPU architecture: 7
CPU variant	: 0x0
CPU part	: 0xd03
CPU revision	: 4

processor	: 2
model name	: ARMv7 Processor rev 4 (v7l)
BogoMIPS	: 76.80
Features	: half thumb fastmult vfp edsp neon vfpv3 tls vfpv4 idiva idivt vfpd32 lpae evtstrm crc32 
CPU implementer	: 0x41
CPU architecture: 7
CPU variant	: 0x0
CPU part	: 0xd03
CPU revision	: 4

processor	: 3
model name	: ARMv7 Processor rev 4 (v7l)
BogoMIPS	: 76.80
Features	: half thumb fastmult vfp edsp neon vfpv3 tls vfpv4 idiva idivt vfpd32 lpae evtstrm crc32 
CPU implementer	: 0x41
CPU architecture: 7
CPU variant	: 0x0
CPU part	: 0xd03
CPU revision	: 4

Hardware	: BCM2835
Revision	: a22082
Serial		: 00000000e6ad7d61


Memory: 4k page, physical 896672k(44732k free), swap 102396k(97276k free)

vm_info: Java HotSpot(TM) Client VM (25.65-b01) for linux-arm-vfp-hflt JRE (1.8.0_65-b17), built on Oct  6 2015 16:19:04 by "java_re" with gcc 4.7.2 20120910 (prerelease)

time: Tue Aug 21 06:24:07 2018
elapsed time: 21 seconds (0d 0h 0m 21s)

