#
# A fatal error has been detected by the Java Runtime Environment:
#
#  SIGSEGV (0xb) at pc=0x73e10e9c, pid=3396, tid=1982481520
#
# JRE version: Java(TM) SE Runtime Environment (8.0_65-b17) (build 1.8.0_65-b17)
# Java VM: Java HotSpot(TM) Client VM (25.65-b01 mixed mode linux-arm )
# Problematic frame:
# C  [libIBSModule2.so+0x6e9c]  printstring+0x2c
#
# Failed to write core dump. Core dumps have been disabled. To enable core dumping, try "ulimit -c unlimited" before starting Java again
#
# If you would like to submit a bug report, please visit:
#   http://bugreport.java.com/bugreport/crash.jsp
# The crash happened outside the Java Virtual Machine in native code.
# See problematic frame for where to report the bug.
#

---------------  T H R E A D  ---------------

Current thread (0x76107400):  JavaThread "main" [_thread_in_native, id=3397, stack(0x76255000,0x762a5000)]

siginfo: si_signo: 11 (SIGSEGV), si_code: 1 (SEGV_MAPERR), si_addr: 0x00000000

Registers:
  r0  = 0x00000000
  r1  = 0x0000001c
  r2  = 0x00000000
  r3  = 0x00000000
  r4  = 0x73e23000
  r5  = 0x762a332c
  r6  = 0x761b1170
  r7  = 0x00000000
  r8  = 0x762a3aac
  r9  = 0x65fda878
  r10 = 0x76107400
  fp  = 0x762a2d8c
  r12 = 0x73e230a4
  sp  = 0x762a2d78
  lr  = 0x73e120c0
  pc  = 0x73e10e9c
  cpsr = 0x80000010

Top of Stack: (sp=0x762a2d78)
0x762a2d78:   0000001c 00000000 73e12a08 00000000
0x762a2d88:   762a39f4 73e120c0 761b1948 00000000
0x762a2d98:   00000240 762a3aa8 762a3aac 7610753c
0x762a2da8:   00000000 00000000 00000000 00000000
0x762a2db8:   00000000 00000000 00000000 00000000
0x762a2dc8:   30323735 34323842 34413133 31463534
0x762a2dd8:   43453942 38364142 41443538 38353739
0x762a2de8:   44313236 38413633 31463044 32444138 

Instructions: (pc=0x73e10e9c)
0x73e10e7c:   e50b0010 e50b1014 e3a03000 e50b3008
0x73e10e8c:   ea00000b e51b3008 e51b2010 e0823003
0x73e10e9c:   e5d33000 e1a01003 e59f3038 e08f3003
0x73e10eac:   e1a00003 ebffe8ae e51b3008 e2833001 

Register to memory mapping:

  r0  = 0x00000000
0x00000000 is an unknown value

  r1  = 0x0000001c
0x0000001c is an unknown value

  r2  = 0x00000000
0x00000000 is an unknown value

  r3  = 0x00000000
0x00000000 is an unknown value

  r4  = 0x73e23000
0x73e23000: <offset 0x19000> in /home/pi/Project/aesIBS/aesIBS2/libIBSModule2.so at 0x73e0a000

  r5  = 0x762a332c
0x762a332c is pointing into the stack for thread: 0x76107400

  r6  = 0x761b1170
0x761b1170 is an unknown value

  r7  = 0x00000000
0x00000000 is an unknown value

  r8  = 0x762a3aac
0x762a3aac is pointing into the stack for thread: 0x76107400

  r9  = 0x65fda878
{method} {0x65fda878} 'Verify' '(Ljava/lang/String;ILjava/lang/String;I)Z' in 'IBSClient'

  r10 = 0x76107400
0x76107400 is a thread

  fp  = 0x762a2d8c
0x762a2d8c is pointing into the stack for thread: 0x76107400

  r12 = 0x73e230a4
0x73e230a4: <offset 0x190a4> in /home/pi/Project/aesIBS/aesIBS2/libIBSModule2.so at 0x73e0a000

  sp  = 0x762a2d78
0x762a2d78 is pointing into the stack for thread: 0x76107400

  lr  = 0x73e120c0
0x73e120c0: Java_IBSClient_Verify+0x72c in /home/pi/Project/aesIBS/aesIBS2/libIBSModule2.so at 0x73e0a000

  pc  = 0x73e10e9c
0x73e10e9c: printstring+0x2c in /home/pi/Project/aesIBS/aesIBS2/libIBSModule2.so at 0x73e0a000



Stack: [0x76255000,0x762a5000],  sp=0x762a2d78,  free space=311k
Native frames: (J=compiled Java code, j=interpreted, Vv=VM code, C=native code)
C  [libIBSModule2.so+0x6e9c]  printstring+0x2c

Java frames: (J=compiled Java code, j=interpreted, Vv=VM code)
j  IBSClient.Verify(Ljava/lang/String;ILjava/lang/String;I)Z+0
j  IBSClient.main([Ljava/lang/String;)V+684
v  ~StubRoutines::call_stub

---------------  P R O C E S S  ---------------

Java Threads: ( => current thread )
  0x761a7800 JavaThread "Thread-0" [_thread_in_native, id=3405, stack(0x64f8a000,0x64fda000)]
  0x76183c00 JavaThread "Service Thread" daemon [_thread_blocked, id=3403, stack(0x65430000,0x65480000)]
  0x76180800 JavaThread "C1 CompilerThread0" daemon [_thread_blocked, id=3402, stack(0x65480000,0x65500000)]
  0x7617f000 JavaThread "Signal Dispatcher" daemon [_thread_blocked, id=3401, stack(0x65615000,0x65665000)]
  0x76162000 JavaThread "Finalizer" daemon [_thread_blocked, id=3400, stack(0x65b0c000,0x65b5c000)]
  0x76160800 JavaThread "Reference Handler" daemon [_thread_blocked, id=3399, stack(0x73e24000,0x73e74000)]
=>0x76107400 JavaThread "main" [_thread_in_native, id=3397, stack(0x76255000,0x762a5000)]

Other Threads:
  0x7615d400 VMThread [stack: 0x65b5c000,0x65bdc000] [id=3398]
  0x76185c00 WatcherThread [stack: 0x65280000,0x65300000] [id=3404]

VM state:not at safepoint (normal execution)

VM Mutex/Monitor currently owned by a thread: None

Heap:
 def new generation   total 4352K, used 643K [0x66200000, 0x666a0000, 0x6ab40000)
  eden space 3968K,  16% used [0x66200000, 0x662a0d00, 0x665e0000)
  from space 384K,   0% used [0x665e0000, 0x665e0000, 0x66640000)
  to   space 384K,   0% used [0x66640000, 0x66640000, 0x666a0000)
 tenured generation   total 9600K, used 0K [0x6ab40000, 0x6b4a0000, 0x73e00000)
   the space 9600K,   0% used [0x6ab40000, 0x6ab40000, 0x6ab40200, 0x6b4a0000)
 Metaspace       used 1800K, capacity 2240K, committed 2328K, reserved 4400K

Card table byte_map: [0x73f68000,0x73fd7000] byte_map_base: 0x73c37000

Polling page: 0x76f18000

CodeCache: size=32768Kb used=630Kb max_used=630Kb free=32137Kb
 bounds [0x74057000, 0x740f7000, 0x76057000]
 total_blobs=146 nmethods=10 adapters=69
 compilation: enabled

Compilation events (10 events):
Event: 0.483 Thread 0x76180800    6             java.lang.Object::<init> (1 bytes)
Event: 0.484 Thread 0x76180800 nmethod 6 0x740edf08 code [0x740edfe0, 0x740ee078]
Event: 0.484 Thread 0x76180800    7             java.lang.String::lastIndexOf (52 bytes)
Event: 0.486 Thread 0x76180800 nmethod 7 0x740ee0c8 code [0x740ee1c0, 0x740ee2f4]
Event: 0.505 Thread 0x76180800    8             java.io.UnixFileSystem::normalize (75 bytes)
Event: 0.507 Thread 0x76180800 nmethod 8 0x740ee3c8 code [0x740ee4e0, 0x740ee69c]
Event: 1.494 Thread 0x76180800    9             sun.nio.cs.UTF_8$Decoder::decode (779 bytes)
Event: 1.524 Thread 0x76180800 nmethod 9 0x740ee848 code [0x740eeb90, 0x740f0038]
Event: 1.956 Thread 0x76180800   10             sun.nio.cs.UTF_8$Encoder::encodeArrayLoop (489 bytes)
Event: 1.971 Thread 0x76180800 nmethod 10 0x740f2388 code [0x740f26d0, 0x740f32ac]

GC Heap History (0 events):
No events

Deoptimization events (0 events):
No events

Internal exceptions (2 events):
Event: 0.196 Thread 0x76107400 Exception <a 'java/lang/NoSuchMethodError': Method sun.misc.Unsafe.defineClass(Ljava/lang/String;[BII)Ljava/lang/Class; name or signature does not match> (0x662105b8) thrown at [/HUDSON/workspace/8-2-build-glinux-arm-vfp-hflt/jdk8u65/4987/hotspot/src/shar
Event: 0.196 Thread 0x76107400 Exception <a 'java/lang/NoSuchMethodError': Method sun.misc.Unsafe.prefetchRead(Ljava/lang/Object;J)V name or signature does not match> (0x66210888) thrown at [/HUDSON/workspace/8-2-build-glinux-arm-vfp-hflt/jdk8u65/4987/hotspot/src/share/vm/prims/jni.cpp

Events (10 events):
Event: 1.617 loading class java/net/Socket$2
Event: 1.617 loading class java/net/Socket$2 done
Event: 1.618 loading class java/net/SocketInputStream
Event: 1.618 loading class java/net/SocketInputStream done
Event: 1.619 loading class java/io/PrintWriter
Event: 1.620 loading class java/io/PrintWriter done
Event: 1.621 loading class java/net/Socket$3
Event: 1.622 loading class java/net/Socket$3 done
Event: 1.622 loading class java/net/SocketOutputStream
Event: 1.622 loading class java/net/SocketOutputStream done


Dynamic libraries:
00008000-00009000 r-xp 00000000 b3:02 151668     /usr/lib/jvm/jdk-8-oracle-arm32-vfp-hflt/jre/bin/java
00010000-00011000 rw-p 00000000 b3:02 151668     /usr/lib/jvm/jdk-8-oracle-arm32-vfp-hflt/jre/bin/java
00a17000-00a38000 rw-p 00000000 00:00 0          [heap]
63389000-64f8a000 rw-p 00000000 00:00 0 
64f8a000-64f8d000 ---p 00000000 00:00 0 
64f8d000-64fda000 rw-p 00000000 00:00 0 
64fda000-650d7000 r-xp 00000000 b3:02 2318       /usr/lib/arm-linux-gnueabihf/libcrypto.so.1.0.0
650d7000-650e7000 ---p 000fd000 b3:02 2318       /usr/lib/arm-linux-gnueabihf/libcrypto.so.1.0.0
650e7000-650f4000 r--p 000fd000 b3:02 2318       /usr/lib/arm-linux-gnueabihf/libcrypto.so.1.0.0
650f4000-650fc000 rw-p 0010a000 b3:02 2318       /usr/lib/arm-linux-gnueabihf/libcrypto.so.1.0.0
650fc000-65100000 rw-p 00000000 00:00 0 
65100000-65121000 rw-p 00000000 00:00 0 
65121000-65200000 ---p 00000000 00:00 0 
65237000-6526a000 r-xp 00000000 b3:02 2319       /usr/lib/arm-linux-gnueabihf/libssl.so.1.0.0
6526a000-6527a000 ---p 00033000 b3:02 2319       /usr/lib/arm-linux-gnueabihf/libssl.so.1.0.0
6527a000-6527c000 r--p 00033000 b3:02 2319       /usr/lib/arm-linux-gnueabihf/libssl.so.1.0.0
6527c000-65280000 rw-p 00035000 b3:02 2319       /usr/lib/arm-linux-gnueabihf/libssl.so.1.0.0
65280000-65281000 ---p 00000000 00:00 0 
65281000-65300000 rw-p 00000000 00:00 0 
65300000-653be000 rw-p 00000000 00:00 0 
653be000-65400000 ---p 00000000 00:00 0 
65414000-65427000 r-xp 00000000 b3:02 151742     /usr/lib/jvm/jdk-8-oracle-arm32-vfp-hflt/jre/lib/arm/libnet.so
65427000-6542f000 ---p 00013000 b3:02 151742     /usr/lib/jvm/jdk-8-oracle-arm32-vfp-hflt/jre/lib/arm/libnet.so
6542f000-65430000 rw-p 00013000 b3:02 151742     /usr/lib/jvm/jdk-8-oracle-arm32-vfp-hflt/jre/lib/arm/libnet.so
65430000-65433000 ---p 00000000 00:00 0 
65433000-65480000 rw-p 00000000 00:00 0 
65480000-65483000 ---p 00000000 00:00 0 
65483000-65500000 rw-p 00000000 00:00 0 
65500000-65521000 rw-p 00000000 00:00 0 
65521000-65600000 ---p 00000000 00:00 0 
65615000-65618000 ---p 00000000 00:00 0 
65618000-65665000 rw-p 00000000 00:00 0 
65665000-65800000 r--p 00000000 b3:02 27048      /usr/lib/locale/locale-archive
65800000-65821000 rw-p 00000000 00:00 0 
65821000-65900000 ---p 00000000 00:00 0 
65900000-65921000 rw-p 00000000 00:00 0 
65921000-65a00000 ---p 00000000 00:00 0 
65a00000-65a21000 rw-p 00000000 00:00 0 
65a21000-65b00000 ---p 00000000 00:00 0 
65b0c000-65b0f000 ---p 00000000 00:00 0 
65b0f000-65b5c000 rw-p 00000000 00:00 0 
65b5c000-65b5d000 ---p 00000000 00:00 0 
65b5d000-65bdc000 rw-p 00000000 00:00 0 
65bdc000-65db4000 r--s 03d20000 b3:02 151710     /usr/lib/jvm/jdk-8-oracle-arm32-vfp-hflt/jre/lib/rt.jar
65db4000-65ffa000 rw-p 00000000 00:00 0 
65ffa000-66200000 ---p 00000000 00:00 0 
66200000-666a0000 rw-p 00000000 00:00 0 
666a0000-6ab40000 ---p 00000000 00:00 0 
6ab40000-6b4a0000 rw-p 00000000 00:00 0 
6b4a0000-73e00000 ---p 00000000 00:00 0 
73e0a000-73e13000 r-xp 00000000 b3:02 2939       /home/pi/Project/aesIBS/aesIBS2/libIBSModule2.so
73e13000-73e22000 ---p 00009000 b3:02 2939       /home/pi/Project/aesIBS/aesIBS2/libIBSModule2.so
73e22000-73e23000 r--p 00008000 b3:02 2939       /home/pi/Project/aesIBS/aesIBS2/libIBSModule2.so
73e23000-73e24000 rw-p 00009000 b3:02 2939       /home/pi/Project/aesIBS/aesIBS2/libIBSModule2.so
73e24000-73e27000 ---p 00000000 00:00 0 
73e27000-73f23000 rw-p 00000000 00:00 0 
73f23000-73f68000 ---p 00000000 00:00 0 
73f68000-73f6b000 rw-p 00000000 00:00 0 
73f6b000-73f8c000 ---p 00000000 00:00 0 
73f8c000-73f92000 rw-p 00000000 00:00 0 
73f92000-73fd6000 ---p 00000000 00:00 0 
73fd6000-73fda000 rw-p 00000000 00:00 0 
73fda000-74057000 ---p 00000000 00:00 0 
74057000-740f7000 rwxp 00000000 00:00 0 
740f7000-76057000 ---p 00000000 00:00 0 
76057000-7606e000 r-xp 00000000 b3:02 151753     /usr/lib/jvm/jdk-8-oracle-arm32-vfp-hflt/jre/lib/arm/libzip.so
7606e000-76075000 ---p 00017000 b3:02 151753     /usr/lib/jvm/jdk-8-oracle-arm32-vfp-hflt/jre/lib/arm/libzip.so
76075000-76076000 rw-p 00016000 b3:02 151753     /usr/lib/jvm/jdk-8-oracle-arm32-vfp-hflt/jre/lib/arm/libzip.so
76076000-7607f000 r-xp 00000000 b3:02 484        /lib/arm-linux-gnueabihf/libnss_files-2.24.so
7607f000-7608e000 ---p 00009000 b3:02 484        /lib/arm-linux-gnueabihf/libnss_files-2.24.so
7608e000-7608f000 r--p 00008000 b3:02 484        /lib/arm-linux-gnueabihf/libnss_files-2.24.so
7608f000-76090000 rw-p 00009000 b3:02 484        /lib/arm-linux-gnueabihf/libnss_files-2.24.so
76090000-76096000 rw-p 00000000 00:00 0 
76096000-7609f000 r-xp 00000000 b3:02 492        /lib/arm-linux-gnueabihf/libnss_nis-2.24.so
7609f000-760ae000 ---p 00009000 b3:02 492        /lib/arm-linux-gnueabihf/libnss_nis-2.24.so
760ae000-760af000 r--p 00008000 b3:02 492        /lib/arm-linux-gnueabihf/libnss_nis-2.24.so
760af000-760b0000 rw-p 00009000 b3:02 492        /lib/arm-linux-gnueabihf/libnss_nis-2.24.so
760b0000-760c1000 r-xp 00000000 b3:02 481        /lib/arm-linux-gnueabihf/libnsl-2.24.so
760c1000-760d0000 ---p 00011000 b3:02 481        /lib/arm-linux-gnueabihf/libnsl-2.24.so
760d0000-760d1000 r--p 00010000 b3:02 481        /lib/arm-linux-gnueabihf/libnsl-2.24.so
760d1000-760d2000 rw-p 00011000 b3:02 481        /lib/arm-linux-gnueabihf/libnsl-2.24.so
760d2000-760d4000 rw-p 00000000 00:00 0 
760d4000-760da000 r-xp 00000000 b3:02 482        /lib/arm-linux-gnueabihf/libnss_compat-2.24.so
760da000-760e9000 ---p 00006000 b3:02 482        /lib/arm-linux-gnueabihf/libnss_compat-2.24.so
760e9000-760ea000 r--p 00005000 b3:02 482        /lib/arm-linux-gnueabihf/libnss_compat-2.24.so
760ea000-760eb000 rw-p 00006000 b3:02 482        /lib/arm-linux-gnueabihf/libnss_compat-2.24.so
76100000-761b5000 rw-p 00000000 00:00 0 
761b5000-76200000 ---p 00000000 00:00 0 
76212000-76235000 r-xp 00000000 b3:02 151728     /usr/lib/jvm/jdk-8-oracle-arm32-vfp-hflt/jre/lib/arm/libjava.so
76235000-7623d000 ---p 00023000 b3:02 151728     /usr/lib/jvm/jdk-8-oracle-arm32-vfp-hflt/jre/lib/arm/libjava.so
7623d000-7623e000 rw-p 00023000 b3:02 151728     /usr/lib/jvm/jdk-8-oracle-arm32-vfp-hflt/jre/lib/arm/libjava.so
7623e000-76244000 r-xp 00000000 b3:02 511        /lib/arm-linux-gnueabihf/librt-2.24.so
76244000-76253000 ---p 00006000 b3:02 511        /lib/arm-linux-gnueabihf/librt-2.24.so
76253000-76254000 r--p 00005000 b3:02 511        /lib/arm-linux-gnueabihf/librt-2.24.so
76254000-76255000 rw-p 00006000 b3:02 511        /lib/arm-linux-gnueabihf/librt-2.24.so
76255000-76258000 ---p 00000000 00:00 0 
76258000-762a5000 rw-p 00000000 00:00 0 
762a5000-76312000 r-xp 00000000 b3:02 472        /lib/arm-linux-gnueabihf/libm-2.24.so
76312000-76322000 ---p 0006d000 b3:02 472        /lib/arm-linux-gnueabihf/libm-2.24.so
76322000-76323000 r--p 0006d000 b3:02 472        /lib/arm-linux-gnueabihf/libm-2.24.so
76323000-76324000 rw-p 0006e000 b3:02 472        /lib/arm-linux-gnueabihf/libm-2.24.so
76324000-768a7000 r-xp 00000000 b3:02 151755     /usr/lib/jvm/jdk-8-oracle-arm32-vfp-hflt/jre/lib/arm/client/libjvm.so
768a7000-768af000 ---p 00583000 b3:02 151755     /usr/lib/jvm/jdk-8-oracle-arm32-vfp-hflt/jre/lib/arm/client/libjvm.so
768af000-768db000 rw-p 00583000 b3:02 151755     /usr/lib/jvm/jdk-8-oracle-arm32-vfp-hflt/jre/lib/arm/client/libjvm.so
768db000-76cfe000 rw-p 00000000 00:00 0 
76cfe000-76d1a000 r-xp 00000000 b3:02 459        /lib/arm-linux-gnueabihf/libgcc_s.so.1
76d1a000-76d29000 ---p 0001c000 b3:02 459        /lib/arm-linux-gnueabihf/libgcc_s.so.1
76d29000-76d2a000 r--p 0001b000 b3:02 459        /lib/arm-linux-gnueabihf/libgcc_s.so.1
76d2a000-76d2b000 rw-p 0001c000 b3:02 459        /lib/arm-linux-gnueabihf/libgcc_s.so.1
76d2b000-76e54000 r-xp 00000000 b3:02 443        /lib/arm-linux-gnueabihf/libc-2.24.so
76e54000-76e64000 ---p 00129000 b3:02 443        /lib/arm-linux-gnueabihf/libc-2.24.so
76e64000-76e66000 r--p 00129000 b3:02 443        /lib/arm-linux-gnueabihf/libc-2.24.so
76e66000-76e67000 rw-p 0012b000 b3:02 443        /lib/arm-linux-gnueabihf/libc-2.24.so
76e67000-76e6a000 rw-p 00000000 00:00 0 
76e6a000-76e6c000 r-xp 00000000 b3:02 452        /lib/arm-linux-gnueabihf/libdl-2.24.so
76e6c000-76e7b000 ---p 00002000 b3:02 452        /lib/arm-linux-gnueabihf/libdl-2.24.so
76e7b000-76e7c000 r--p 00001000 b3:02 452        /lib/arm-linux-gnueabihf/libdl-2.24.so
76e7c000-76e7d000 rw-p 00002000 b3:02 452        /lib/arm-linux-gnueabihf/libdl-2.24.so
76e7d000-76e91000 r-xp 00000000 b3:02 151756     /usr/lib/jvm/jdk-8-oracle-arm32-vfp-hflt/jre/lib/arm/jli/libjli.so
76e91000-76e99000 ---p 00014000 b3:02 151756     /usr/lib/jvm/jdk-8-oracle-arm32-vfp-hflt/jre/lib/arm/jli/libjli.so
76e99000-76e9a000 rw-p 00014000 b3:02 151756     /usr/lib/jvm/jdk-8-oracle-arm32-vfp-hflt/jre/lib/arm/jli/libjli.so
76e9a000-76eb0000 r-xp 00000000 b3:02 507        /lib/arm-linux-gnueabihf/libpthread-2.24.so
76eb0000-76ebf000 ---p 00016000 b3:02 507        /lib/arm-linux-gnueabihf/libpthread-2.24.so
76ebf000-76ec0000 r--p 00015000 b3:02 507        /lib/arm-linux-gnueabihf/libpthread-2.24.so
76ec0000-76ec1000 rw-p 00016000 b3:02 507        /lib/arm-linux-gnueabihf/libpthread-2.24.so
76ec1000-76ec3000 rw-p 00000000 00:00 0 
76ec6000-76ecf000 r-xp 00000000 b3:02 151752     /usr/lib/jvm/jdk-8-oracle-arm32-vfp-hflt/jre/lib/arm/libverify.so
76ecf000-76ed7000 ---p 00009000 b3:02 151752     /usr/lib/jvm/jdk-8-oracle-arm32-vfp-hflt/jre/lib/arm/libverify.so
76ed7000-76ed8000 rw-p 00009000 b3:02 151752     /usr/lib/jvm/jdk-8-oracle-arm32-vfp-hflt/jre/lib/arm/libverify.so
76ed8000-76edd000 r-xp 00000000 b3:02 15649      /usr/lib/arm-linux-gnueabihf/libarmmem.so
76edd000-76eec000 ---p 00005000 b3:02 15649      /usr/lib/arm-linux-gnueabihf/libarmmem.so
76eec000-76eed000 r--p 00004000 b3:02 15649      /usr/lib/arm-linux-gnueabihf/libarmmem.so
76eed000-76eee000 rw-p 00005000 b3:02 15649      /usr/lib/arm-linux-gnueabihf/libarmmem.so
76eee000-76f0f000 r-xp 00000000 b3:02 395        /lib/arm-linux-gnueabihf/ld-2.24.so
76f0f000-76f10000 r--p 0019a000 b3:02 27048      /usr/lib/locale/locale-archive
76f10000-76f18000 rw-s 00000000 b3:02 2971       /tmp/hsperfdata_pi/3396
76f18000-76f19000 r--p 00000000 00:00 0 
76f19000-76f1e000 rw-p 00000000 00:00 0 
76f1e000-76f1f000 r--p 00020000 b3:02 395        /lib/arm-linux-gnueabihf/ld-2.24.so
76f1f000-76f20000 rw-p 00021000 b3:02 395        /lib/arm-linux-gnueabihf/ld-2.24.so
7ec89000-7ecaa000 rw-p 00000000 00:00 0          [stack]
7ede4000-7ede5000 r-xp 00000000 00:00 0          [sigpage]
7ede5000-7ede6000 r--p 00000000 00:00 0          [vvar]
7ede6000-7ede7000 r-xp 00000000 00:00 0          [vdso]
ffff0000-ffff1000 r-xp 00000000 00:00 0          [vectors]

VM Arguments:
java_command: IBSClient
java_class_path (initial): .
Launcher Type: SUN_STANDARD

Environment Variables:
PATH=/usr/local/sbin:/usr/local/bin:/usr/sbin:/usr/bin:/sbin:/bin:/usr/local/games:/usr/games
LD_LIBRARY_PATH=:/home/pi/Project/aesIBS/aesIBS2
SHELL=/bin/bash
DISPLAY=:0.0

Signal Handlers:
SIGSEGV: [libjvm.so+0x506638], sa_mask[0]=11111111011111111101111111111110, sa_flags=SA_RESTART|SA_SIGINFO
SIGBUS: [libjvm.so+0x506638], sa_mask[0]=11111111011111111101111111111110, sa_flags=SA_RESTART|SA_SIGINFO
SIGFPE: [libjvm.so+0x3fd4ec], sa_mask[0]=11111111011111111101111111111110, sa_flags=SA_RESTART|SA_SIGINFO
SIGPIPE: [libjvm.so+0x3fd4ec], sa_mask[0]=11111111011111111101111111111110, sa_flags=SA_RESTART|SA_SIGINFO
SIGXFSZ: [libjvm.so+0x3fd4ec], sa_mask[0]=11111111011111111101111111111110, sa_flags=SA_RESTART|SA_SIGINFO
SIGILL: [libjvm.so+0x3fd4ec], sa_mask[0]=11111111011111111101111111111110, sa_flags=SA_RESTART|SA_SIGINFO
SIGUSR1: SIG_DFL, sa_mask[0]=00000000000000000000000000000000, sa_flags=none
SIGUSR2: [libjvm.so+0x3fd650], sa_mask[0]=00000000000000000000000000000000, sa_flags=SA_RESTART|SA_SIGINFO
SIGHUP: [libjvm.so+0x3fda84], sa_mask[0]=11111111011111111101111111111110, sa_flags=SA_RESTART|SA_SIGINFO
SIGINT: [libjvm.so+0x3fda84], sa_mask[0]=11111111011111111101111111111110, sa_flags=SA_RESTART|SA_SIGINFO
SIGTERM: [libjvm.so+0x3fda84], sa_mask[0]=11111111011111111101111111111110, sa_flags=SA_RESTART|SA_SIGINFO
SIGQUIT: [libjvm.so+0x3fda84], sa_mask[0]=11111111011111111101111111111110, sa_flags=SA_RESTART|SA_SIGINFO


---------------  S Y S T E M  ---------------

OS:PRETTY_NAME="Raspbian GNU/Linux 9 (stretch)"
NAME="Raspbian GNU/Linux"
VERSION_ID="9"
VERSION="9 (stretch)"
ID=raspbian
ID_LIKE=debian
HOME_URL="http://www.raspbian.org/"
SUPPORT_URL="http://www.raspbian.org/RaspbianForums"
BUG_REPORT_URL="http://www.raspbian.org/RaspbianBugs"

uname:Linux 4.14.52-v7+ #1123 SMP Wed Jun 27 17:35:49 BST 2018 armv7l
libc:glibc 2.24 NPTL 2.24 
rlimit: STACK 8192k, CORE 0k, NPROC 6933, NOFILE 1048576, AS infinity
load average:0.54 0.85 1.04

/proc/meminfo:
MemTotal:         896672 kB
MemFree:           57668 kB
MemAvailable:     300580 kB
Buffers:           47148 kB
Cached:           254128 kB
SwapCached:         1196 kB
Active:           556332 kB
Inactive:         241304 kB
Active(anon):     392936 kB
Inactive(anon):   122984 kB
Active(file):     163396 kB
Inactive(file):   118320 kB
Unevictable:           0 kB
Mlocked:               0 kB
SwapTotal:        102396 kB
SwapFree:          95484 kB
Dirty:                92 kB
Writeback:             0 kB
AnonPages:        495244 kB
Mapped:           131964 kB
Shmem:             19564 kB
Slab:              24272 kB
SReclaimable:      12504 kB
SUnreclaim:        11768 kB
KernelStack:        1968 kB
PageTables:         4128 kB
NFS_Unstable:          0 kB
Bounce:                0 kB
WritebackTmp:          0 kB
CommitLimit:      550732 kB
Committed_AS:    1670708 kB
VmallocTotal:    1163264 kB
VmallocUsed:           0 kB
VmallocChunk:          0 kB
CmaTotal:           8192 kB
CmaFree:            6752 kB


CPU:total 4 (ARMv7), vfp

/proc/cpuinfo:
processor	: 0
model name	: ARMv7 Processor rev 4 (v7l)
BogoMIPS	: 76.80
Features	: half thumb fastmult vfp edsp neon vfpv3 tls vfpv4 idiva idivt vfpd32 lpae evtstrm crc32 
CPU implementer	: 0x41
CPU architecture: 7
CPU variant	: 0x0
CPU part	: 0xd03
CPU revision	: 4

processor	: 1
model name	: ARMv7 Processor rev 4 (v7l)
BogoMIPS	: 76.80
Features	: half thumb fastmult vfp edsp neon vfpv3 tls vfpv4 idiva idivt vfpd32 lpae evtstrm crc32 
CPU implementer	: 0x41
CPU architecture: 7
CPU variant	: 0x0
CPU part	: 0xd03
CPU revision	: 4

processor	: 2
model name	: ARMv7 Processor rev 4 (v7l)
BogoMIPS	: 76.80
Features	: half thumb fastmult vfp edsp neon vfpv3 tls vfpv4 idiva idivt vfpd32 lpae evtstrm crc32 
CPU implementer	: 0x41
CPU architecture: 7
CPU variant	: 0x0
CPU part	: 0xd03
CPU revision	: 4

processor	: 3
model name	: ARMv7 Processor rev 4 (v7l)
BogoMIPS	: 76.80
Features	: half thumb fastmult vfp edsp neon vfpv3 tls vfpv4 idiva idivt vfpd32 lpae evtstrm crc32 
CPU implementer	: 0x41
CPU architecture: 7
CPU variant	: 0x0
CPU part	: 0xd03
CPU revision	: 4

Hardware	: BCM2835
Revision	: a22082
Serial		: 00000000e6ad7d61


Memory: 4k page, physical 896672k(57668k free), swap 102396k(95484k free)

vm_info: Java HotSpot(TM) Client VM (25.65-b01) for linux-arm-vfp-hflt JRE (1.8.0_65-b17), built on Oct  6 2015 16:19:04 by "java_re" with gcc 4.7.2 20120910 (prerelease)

time: Tue Aug 21 07:54:22 2018
elapsed time: 2 seconds (0d 0h 0m 2s)

